<?xml version="1.0" encoding="UTF-8"?>
<testsuite name="util.Graph.GraphTest" tests="1" skipped="0" failures="0" errors="0" timestamp="2020-08-12T23:28:26" hostname="DESKTOP-ID9S6S4" time="0.018">
  <properties/>
  <testcase name="shortPath()" classname="util.Graph.GraphTest" time="0.018"/>
  <system-out><![CDATA[Elemento: Station{name='Cartago', tickets=null}  Peso: 0
Elemento: Station{name='turrialba', tickets=null}  Predecesor: Station{name='paraiso', tickets=null}  Peso: 57
Elemento: Station{name='san_jose', tickets=null}  Predecesor: Station{name='Cartago', tickets=null}  Peso: 22
Elemento: Station{name='heredia', tickets=null}  Predecesor: Station{name='Cartago', tickets=null}  Peso: 30
Elemento: Station{name='tilaran', tickets=null}  Predecesor: Station{name='san_jose', tickets=null}  Peso: 37
Elemento: Station{name='hojancha', tickets=null}  Predecesor: Station{name='heredia', tickets=null}  Peso: 36
Elemento: Station{name='paraiso', tickets=null}  Predecesor: Station{name='Cartago', tickets=null}  Peso: 7
Route{-->Cartago-->-->heredia-->-->hojancha-->, price=36}
]]></system-out>
  <system-err><![CDATA[]]></system-err>
</testsuite>
