<?xml version="1.0" encoding="UTF-8"?>
<testsuite name="util.LinkedListTest" tests="2" skipped="0" failures="0" errors="0" timestamp="2020-08-15T09:04:27" hostname="DESKTOP-ID9S6S4" time="0.002">
  <properties/>
  <testcase name="addFirst()" classname="util.LinkedListTest" time="0.001"/>
  <testcase name="add()" classname="util.LinkedListTest" time="0.0"/>
  <system-out><![CDATA[[6, 5, 4, 3, 2, 1, 
]]></system-out>
  <system-err><![CDATA[]]></system-err>
</testsuite>
