<?xml version="1.0" encoding="UTF-8"?>
<testsuite name="util.Graph.GraphTest" tests="1" skipped="0" failures="0" errors="0" timestamp="2020-08-15T09:04:27" hostname="DESKTOP-ID9S6S4" time="0.063">
  <properties/>
  <testcase name="shortPath()" classname="util.Graph.GraphTest" time="0.063"/>
  <system-out><![CDATA[Elemento: Cartago  Peso: 0
Elemento: turrialba  Predecesor: paraiso  Peso: 57
Elemento: san_jose  Predecesor: Cartago  Peso: 22
Elemento: heredia  Predecesor: Cartago  Peso: 30
Elemento: tilaran  Predecesor: san_jose  Peso: 37
Elemento: hojancha  Predecesor: heredia  Peso: 36
Elemento: paraiso  Predecesor: Cartago  Peso: 7
Route{-->Cartago-->-->paraiso-->-->turrialba-->, price=57}
]]></system-out>
  <system-err><![CDATA[]]></system-err>
</testsuite>
