<?xml version="1.0" encoding="UTF-8"?>
<testsuite name="util.tools.jsonReaderTest" tests="2" skipped="0" failures="1" errors="0" timestamp="2020-08-15T09:04:27" hostname="DESKTOP-ID9S6S4" time="0.045">
  <properties/>
  <testcase name="loadStations()" classname="util.tools.jsonReaderTest" time="0.044">
    <failure message="java.lang.NullPointerException" type="java.lang.NullPointerException">java.lang.NullPointerException
	at util.Graph.Graph.shortestPath(Graph.java:136)
	at util.tools.jsonReaderTest.loadStations(jsonReaderTest.java:24)
	at java.base/jdk.internal.reflect.NativeMethodAccessorImpl.invoke0(Native Method)
	at java.base/jdk.internal.reflect.NativeMethodAccessorImpl.invoke(NativeMethodAccessorImpl.java:62)
	at java.base/jdk.internal.reflect.DelegatingMethodAccessorImpl.invoke(DelegatingMethodAccessorImpl.java:43)
	at java.base/java.lang.reflect.Method.invoke(Method.java:564)
	at org.junit.platform.commons.util.ReflectionUtils.invokeMethod(ReflectionUtils.java:686)
	at org.junit.jupiter.engine.execution.MethodInvocation.proceed(MethodInvocation.java:60)
	at org.junit.jupiter.engine.execution.InvocationInterceptorChain$ValidatingInvocation.proceed(InvocationInterceptorChain.java:131)
	at org.junit.jupiter.engine.extension.TimeoutExtension.intercept(TimeoutExtension.java:149)
	at org.junit.jupiter.engine.extension.TimeoutExtension.interceptTestableMethod(TimeoutExtension.java:140)
	at org.junit.jupiter.engine.extension.TimeoutExtension.interceptTestMethod(TimeoutExtension.java:84)
	at org.junit.jupiter.engine.execution.ExecutableInvoker$ReflectiveInterceptorCall.lambda$ofVoidMethod$0(ExecutableInvoker.java:115)
	at org.junit.jupiter.engine.execution.ExecutableInvoker.lambda$invoke$0(ExecutableInvoker.java:105)
	at org.junit.jupiter.engine.execution.InvocationInterceptorChain$InterceptedInvocation.proceed(InvocationInterceptorChain.java:106)
	at org.junit.jupiter.engine.execution.InvocationInterceptorChain.proceed(InvocationInterceptorChain.java:64)
	at org.junit.jupiter.engine.execution.InvocationInterceptorChain.chainAndInvoke(InvocationInterceptorChain.java:45)
	at org.junit.jupiter.engine.execution.InvocationInterceptorChain.invoke(InvocationInterceptorChain.java:37)
	at org.junit.jupiter.engine.execution.ExecutableInvoker.invoke(ExecutableInvoker.java:104)
	at org.junit.jupiter.engine.execution.ExecutableInvoker.invoke(ExecutableInvoker.java:98)
	at org.junit.jupiter.engine.descriptor.TestMethodTestDescriptor.lambda$invokeTestMethod$6(TestMethodTestDescriptor.java:212)
	at org.junit.platform.engine.support.hierarchical.ThrowableCollector.execute(ThrowableCollector.java:73)
	at org.junit.jupiter.engine.descriptor.TestMethodTestDescriptor.invokeTestMethod(TestMethodTestDescriptor.java:208)
	at org.junit.jupiter.engine.descriptor.TestMethodTestDescriptor.execute(TestMethodTestDescriptor.java:137)
	at org.junit.jupiter.engine.descriptor.TestMethodTestDescriptor.execute(TestMethodTestDescriptor.java:71)
	at org.junit.platform.engine.support.hierarchical.NodeTestTask.lambda$executeRecursively$5(NodeTestTask.java:135)
	at org.junit.platform.engine.support.hierarchical.ThrowableCollector.execute(ThrowableCollector.java:73)
	at org.junit.platform.engine.support.hierarchical.NodeTestTask.lambda$executeRecursively$7(NodeTestTask.java:125)
	at org.junit.platform.engine.support.hierarchical.Node.around(Node.java:135)
	at org.junit.platform.engine.support.hierarchical.NodeTestTask.lambda$executeRecursively$8(NodeTestTask.java:123)
	at org.junit.platform.engine.support.hierarchical.ThrowableCollector.execute(ThrowableCollector.java:73)
	at org.junit.platform.engine.support.hierarchical.NodeTestTask.executeRecursively(NodeTestTask.java:122)
	at org.junit.platform.engine.support.hierarchical.NodeTestTask.execute(NodeTestTask.java:80)
	at java.base/java.util.ArrayList.forEach(ArrayList.java:1511)
	at org.junit.platform.engine.support.hierarchical.SameThreadHierarchicalTestExecutorService.invokeAll(SameThreadHierarchicalTestExecutorService.java:38)
	at org.junit.platform.engine.support.hierarchical.NodeTestTask.lambda$executeRecursively$5(NodeTestTask.java:139)
	at org.junit.platform.engine.support.hierarchical.ThrowableCollector.execute(ThrowableCollector.java:73)
	at org.junit.platform.engine.support.hierarchical.NodeTestTask.lambda$executeRecursively$7(NodeTestTask.java:125)
	at org.junit.platform.engine.support.hierarchical.Node.around(Node.java:135)
	at org.junit.platform.engine.support.hierarchical.NodeTestTask.lambda$executeRecursively$8(NodeTestTask.java:123)
	at org.junit.platform.engine.support.hierarchical.ThrowableCollector.execute(ThrowableCollector.java:73)
	at org.junit.platform.engine.support.hierarchical.NodeTestTask.executeRecursively(NodeTestTask.java:122)
	at org.junit.platform.engine.support.hierarchical.NodeTestTask.execute(NodeTestTask.java:80)
	at java.base/java.util.ArrayList.forEach(ArrayList.java:1511)
	at org.junit.platform.engine.support.hierarchical.SameThreadHierarchicalTestExecutorService.invokeAll(SameThreadHierarchicalTestExecutorService.java:38)
	at org.junit.platform.engine.support.hierarchical.NodeTestTask.lambda$executeRecursively$5(NodeTestTask.java:139)
	at org.junit.platform.engine.support.hierarchical.ThrowableCollector.execute(ThrowableCollector.java:73)
	at org.junit.platform.engine.support.hierarchical.NodeTestTask.lambda$executeRecursively$7(NodeTestTask.java:125)
	at org.junit.platform.engine.support.hierarchical.Node.around(Node.java:135)
	at org.junit.platform.engine.support.hierarchical.NodeTestTask.lambda$executeRecursively$8(NodeTestTask.java:123)
	at org.junit.platform.engine.support.hierarchical.ThrowableCollector.execute(ThrowableCollector.java:73)
	at org.junit.platform.engine.support.hierarchical.NodeTestTask.executeRecursively(NodeTestTask.java:122)
	at org.junit.platform.engine.support.hierarchical.NodeTestTask.execute(NodeTestTask.java:80)
	at org.junit.platform.engine.support.hierarchical.SameThreadHierarchicalTestExecutorService.submit(SameThreadHierarchicalTestExecutorService.java:32)
	at org.junit.platform.engine.support.hierarchical.HierarchicalTestExecutor.execute(HierarchicalTestExecutor.java:57)
	at org.junit.platform.engine.support.hierarchical.HierarchicalTestEngine.execute(HierarchicalTestEngine.java:51)
	at org.junit.platform.launcher.core.DefaultLauncher.execute(DefaultLauncher.java:248)
	at org.junit.platform.launcher.core.DefaultLauncher.lambda$execute$5(DefaultLauncher.java:211)
	at org.junit.platform.launcher.core.DefaultLauncher.withInterceptedStreams(DefaultLauncher.java:226)
	at org.junit.platform.launcher.core.DefaultLauncher.execute(DefaultLauncher.java:199)
	at org.junit.platform.launcher.core.DefaultLauncher.execute(DefaultLauncher.java:132)
	at org.gradle.api.internal.tasks.testing.junitplatform.JUnitPlatformTestClassProcessor$CollectAllTestClassesExecutor.processAllTestClasses(JUnitPlatformTestClassProcessor.java:99)
	at org.gradle.api.internal.tasks.testing.junitplatform.JUnitPlatformTestClassProcessor$CollectAllTestClassesExecutor.access$000(JUnitPlatformTestClassProcessor.java:79)
	at org.gradle.api.internal.tasks.testing.junitplatform.JUnitPlatformTestClassProcessor.stop(JUnitPlatformTestClassProcessor.java:75)
	at org.gradle.api.internal.tasks.testing.SuiteTestClassProcessor.stop(SuiteTestClassProcessor.java:61)
	at java.base/jdk.internal.reflect.NativeMethodAccessorImpl.invoke0(Native Method)
	at java.base/jdk.internal.reflect.NativeMethodAccessorImpl.invoke(NativeMethodAccessorImpl.java:62)
	at java.base/jdk.internal.reflect.DelegatingMethodAccessorImpl.invoke(DelegatingMethodAccessorImpl.java:43)
	at java.base/java.lang.reflect.Method.invoke(Method.java:564)
	at org.gradle.internal.dispatch.ReflectionDispatch.dispatch(ReflectionDispatch.java:36)
	at org.gradle.internal.dispatch.ReflectionDispatch.dispatch(ReflectionDispatch.java:24)
	at org.gradle.internal.dispatch.ContextClassLoaderDispatch.dispatch(ContextClassLoaderDispatch.java:33)
	at org.gradle.internal.dispatch.ProxyDispatchAdapter$DispatchingInvocationHandler.invoke(ProxyDispatchAdapter.java:94)
	at com.sun.proxy.$Proxy2.stop(Unknown Source)
	at org.gradle.api.internal.tasks.testing.worker.TestWorker.stop(TestWorker.java:133)
	at java.base/jdk.internal.reflect.NativeMethodAccessorImpl.invoke0(Native Method)
	at java.base/jdk.internal.reflect.NativeMethodAccessorImpl.invoke(NativeMethodAccessorImpl.java:62)
	at java.base/jdk.internal.reflect.DelegatingMethodAccessorImpl.invoke(DelegatingMethodAccessorImpl.java:43)
	at java.base/java.lang.reflect.Method.invoke(Method.java:564)
	at org.gradle.internal.dispatch.ReflectionDispatch.dispatch(ReflectionDispatch.java:36)
	at org.gradle.internal.dispatch.ReflectionDispatch.dispatch(ReflectionDispatch.java:24)
	at org.gradle.internal.remote.internal.hub.MessageHubBackedObjectConnection$DispatchWrapper.dispatch(MessageHubBackedObjectConnection.java:182)
	at org.gradle.internal.remote.internal.hub.MessageHubBackedObjectConnection$DispatchWrapper.dispatch(MessageHubBackedObjectConnection.java:164)
	at org.gradle.internal.remote.internal.hub.MessageHub$Handler.run(MessageHub.java:414)
	at org.gradle.internal.concurrent.ExecutorPolicy$CatchAndRecordFailures.onExecute(ExecutorPolicy.java:64)
	at org.gradle.internal.concurrent.ManagedExecutorImpl$1.run(ManagedExecutorImpl.java:48)
	at java.base/java.util.concurrent.ThreadPoolExecutor.runWorker(ThreadPoolExecutor.java:1130)
	at java.base/java.util.concurrent.ThreadPoolExecutor$Worker.run(ThreadPoolExecutor.java:630)
	at org.gradle.internal.concurrent.ThreadFactoryImpl$ManagedThreadRunnable.run(ThreadFactoryImpl.java:56)
	at java.base/java.lang.Thread.run(Thread.java:832)
</failure>
  </testcase>
  <testcase name="loadReservations()" classname="util.tools.jsonReaderTest" time="0.001"/>
  <system-out><![CDATA[Lista de adyacencia grafo: {
Node: puntarenasConnections: [Edge{weight=250, connection=alajuela}, 
Node: cartagoConnections: []
Node: alajuelaConnections: [Edge{weight=30, connection=cartago}, 

]]></system-out>
  <system-err><![CDATA[Aug 15, 2020 3:04:27 AM util.tools.JsonWriter updateGraph
INFO: {"elements":{"len":4,"head":{"next":{"next":{"next":{"data":{"edges":{"len":0},"data":{"name":"Estacion C","tickets":{"len":0}}}},"data":{"edges":{"len":1,"head":{"data":{"weight":30,"connection":{"edges":{"len":0},"data":{"name":"cartago","tickets":{"len":0}}}}}},"data":{"name":"alajuela","tickets":{"len":0}}}},"data":{"edges":{"len":0},"data":{"name":"cartago","tickets":{"len":0}}}},"data":{"edges":{"len":1,"head":{"data":{"weight":250,"connection":{"edges":{"len":1,"head":{"data":{"weight":30,"connection":{"edges":{"len":0},"data":{"name":"cartago","tickets":{"len":0}}}}}},"data":{"name":"alajuela","tickets":{"len":0}}}}}},"data":{"name":"puntarenas","tickets":{"len":0}}}}}}
Aug 15, 2020 3:04:27 AM util.tools.JsonWriter updateGraph
INFO: Graph stored in memory
Aug 15, 2020 3:04:27 AM util.tools.JsonWriter updateGraph
INFO: {"elements":{"len":5,"head":{"next":{"next":{"next":{"next":{"data":{"edges":{"len":0},"data":{"name":"Estacion D","tickets":{"len":0}}}},"data":{"edges":{"len":0},"data":{"name":"Estacion C","tickets":{"len":0}}}},"data":{"edges":{"len":1,"head":{"data":{"weight":30,"connection":{"edges":{"len":0},"data":{"name":"cartago","tickets":{"len":0}}}}}},"data":{"name":"alajuela","tickets":{"len":0}}}},"data":{"edges":{"len":0},"data":{"name":"cartago","tickets":{"len":0}}}},"data":{"edges":{"len":1,"head":{"data":{"weight":250,"connection":{"edges":{"len":1,"head":{"data":{"weight":30,"connection":{"edges":{"len":0},"data":{"name":"cartago","tickets":{"len":0}}}}}},"data":{"name":"alajuela","tickets":{"len":0}}}}}},"data":{"name":"puntarenas","tickets":{"len":0}}}}}}
Aug 15, 2020 3:04:27 AM util.tools.JsonWriter updateGraph
INFO: Graph stored in memory
Aug 15, 2020 3:04:27 AM util.tools.JsonWriter updateGraph
INFO: {"elements":{"len":6,"head":{"next":{"next":{"next":{"next":{"next":{"data":{"edges":{"len":0},"data":{"name":"Estacion E","tickets":{"len":0}}}},"data":{"edges":{"len":0},"data":{"name":"Estacion D","tickets":{"len":0}}}},"data":{"edges":{"len":0},"data":{"name":"Estacion C","tickets":{"len":0}}}},"data":{"edges":{"len":1,"head":{"data":{"weight":30,"connection":{"edges":{"len":0},"data":{"name":"cartago","tickets":{"len":0}}}}}},"data":{"name":"alajuela","tickets":{"len":0}}}},"data":{"edges":{"len":0},"data":{"name":"cartago","tickets":{"len":0}}}},"data":{"edges":{"len":1,"head":{"data":{"weight":250,"connection":{"edges":{"len":1,"head":{"data":{"weight":30,"connection":{"edges":{"len":0},"data":{"name":"cartago","tickets":{"len":0}}}}}},"data":{"name":"alajuela","tickets":{"len":0}}}}}},"data":{"name":"puntarenas","tickets":{"len":0}}}}}}
Aug 15, 2020 3:04:27 AM util.tools.JsonWriter updateGraph
INFO: Graph stored in memory
Aug 15, 2020 3:04:27 AM util.tools.JsonWriter updateGraph
INFO: {"elements":{"len":6,"head":{"next":{"next":{"next":{"next":{"next":{"data":{"edges":{"len":0},"data":{"name":"Estacion E","tickets":{"len":0}}}},"data":{"edges":{"len":0},"data":{"name":"Estacion D","tickets":{"len":0}}}},"data":{"edges":{"len":0},"data":{"name":"Estacion C","tickets":{"len":0}}}},"data":{"edges":{"len":1,"head":{"data":{"weight":30,"connection":{"edges":{"len":0},"data":{"name":"cartago","tickets":{"len":0}}}}}},"data":{"name":"alajuela","tickets":{"len":0}}}},"data":{"edges":{"len":0},"data":{"name":"cartago","tickets":{"len":0}}}},"data":{"edges":{"len":1,"head":{"data":{"weight":250,"connection":{"edges":{"len":1,"head":{"data":{"weight":30,"connection":{"edges":{"len":0},"data":{"name":"cartago","tickets":{"len":0}}}}}},"data":{"name":"alajuela","tickets":{"len":0}}}}}},"data":{"name":"puntarenas","tickets":{"len":0}}}}}}
Aug 15, 2020 3:04:27 AM util.tools.JsonWriter updateGraph
INFO: Graph stored in memory
Aug 15, 2020 3:04:27 AM util.tools.JsonWriter updateGraph
INFO: {"elements":{"len":6,"head":{"next":{"next":{"next":{"next":{"next":{"data":{"edges":{"len":0},"data":{"name":"Estacion E","tickets":{"len":0}}}},"data":{"edges":{"len":0},"data":{"name":"Estacion D","tickets":{"len":0}}}},"data":{"edges":{"len":0},"data":{"name":"Estacion C","tickets":{"len":0}}}},"data":{"edges":{"len":1,"head":{"data":{"weight":30,"connection":{"edges":{"len":0},"data":{"name":"cartago","tickets":{"len":0}}}}}},"data":{"name":"alajuela","tickets":{"len":0}}}},"data":{"edges":{"len":0},"data":{"name":"cartago","tickets":{"len":0}}}},"data":{"edges":{"len":1,"head":{"data":{"weight":250,"connection":{"edges":{"len":1,"head":{"data":{"weight":30,"connection":{"edges":{"len":0},"data":{"name":"cartago","tickets":{"len":0}}}}}},"data":{"name":"alajuela","tickets":{"len":0}}}}}},"data":{"name":"puntarenas","tickets":{"len":0}}}}}}
Aug 15, 2020 3:04:27 AM util.tools.JsonWriter updateGraph
INFO: Graph stored in memory
]]></system-err>
</testsuite>
