<?xml version="1.0" encoding="UTF-8"?>
<testsuite name="util.tools.JsonWriterTest" tests="2" skipped="0" failures="0" errors="0" timestamp="2020-08-15T09:16:08" hostname="DESKTOP-ID9S6S4" time="0.032">
  <properties/>
  <testcase name="updateGraph()" classname="util.tools.JsonWriterTest" time="0.031"/>
  <testcase name="updateReservations()" classname="util.tools.JsonWriterTest" time="0.0"/>
  <system-out><![CDATA[Lista de adyacencia grafo: {
Node: CartagoConnections: [Edge{weight=22, connection=san_jose}, Edge{weight=7, connection=paraiso}, Edge{weight=30, connection=heredia}, 
Node: turrialbaConnections: [Edge{weight=180, connection=hojancha}, 
Node: san_joseConnections: [Edge{weight=15, connection=tilaran}, Edge{weight=9, connection=heredia}, 
Node: herediaConnections: [Edge{weight=6, connection=hojancha}, Edge{weight=11, connection=tilaran}, 
Node: tilaranConnections: [Edge{weight=5, connection=hojancha}, 
Node: hojanchaConnections: []
Node: paraisoConnections: [Edge{weight=38, connection=heredia}, Edge{weight=50, connection=turrialba}, 
Node: Estacion AConnections: [Edge{weight=30, connection=Estacion B}, 
Node: Estacion BConnections: []

]]></system-out>
  <system-err><![CDATA[Aug 15, 2020 3:16:08 AM util.tools.JsonWriter updateGraph
INFO: {"elements":{"len":8,"head":{"next":{"next":{"next":{"next":{"next":{"next":{"next":{"data":{"edges":{"len":0},"data":{"name":"Estacion A","tickets":{"len":0}}}},"data":{"edges":{"len":2,"head":{"next":{"data":{"weight":50,"connection":{"edges":{"len":1,"head":{"data":{"weight":180,"connection":{"edges":{"len":0},"data":{"name":"hojancha","tickets":{"len":0}}}}}},"data":{"name":"turrialba","tickets":{"len":0}}}}},"data":{"weight":38,"connection":{"edges":{"len":2,"head":{"next":{"data":{"weight":11,"connection":{"edges":{"len":1,"head":{"data":{"weight":5,"connection":{"edges":{"len":0},"data":{"name":"hojancha","tickets":{"len":0}}}}}},"data":{"name":"tilaran","tickets":{"len":0}}}}},"data":{"weight":6,"connection":{"edges":{"len":0},"data":{"name":"hojancha","tickets":{"len":0}}}}}},"data":{"name":"heredia","tickets":{"len":0}}}}}},"data":{"name":"paraiso","tickets":{"len":0}}}},"data":{"edges":{"len":0},"data":{"name":"hojancha","tickets":{"len":0}}}},"data":{"edges":{"len":1,"head":{"data":{"weight":5,"connection":{"edges":{"len":0},"data":{"name":"hojancha","tickets":{"len":0}}}}}},"data":{"name":"tilaran","tickets":{"len":0}}}},"data":{"edges":{"len":2,"head":{"next":{"data":{"weight":11,"connection":{"edges":{"len":1,"head":{"data":{"weight":5,"connection":{"edges":{"len":0},"data":{"name":"hojancha","tickets":{"len":0}}}}}},"data":{"name":"tilaran","tickets":{"len":0}}}}},"data":{"weight":6,"connection":{"edges":{"len":0},"data":{"name":"hojancha","tickets":{"len":0}}}}}},"data":{"name":"heredia","tickets":{"len":0}}}},"data":{"edges":{"len":2,"head":{"next":{"data":{"weight":9,"connection":{"edges":{"len":2,"head":{"next":{"data":{"weight":11,"connection":{"edges":{"len":1,"head":{"data":{"weight":5,"connection":{"edges":{"len":0},"data":{"name":"hojancha","tickets":{"len":0}}}}}},"data":{"name":"tilaran","tickets":{"len":0}}}}},"data":{"weight":6,"connection":{"edges":{"len":0},"data":{"name":"hojancha","tickets":{"len":0}}}}}},"data":{"name":"heredia","tickets":{"len":0}}}}},"data":{"weight":15,"connection":{"edges":{"len":1,"head":{"data":{"weight":5,"connection":{"edges":{"len":0},"data":{"name":"hojancha","tickets":{"len":0}}}}}},"data":{"name":"tilaran","tickets":{"len":0}}}}}},"data":{"name":"san_jose","tickets":{"len":0}}}},"data":{"edges":{"len":1,"head":{"data":{"weight":180,"connection":{"edges":{"len":0},"data":{"name":"hojancha","tickets":{"len":0}}}}}},"data":{"name":"turrialba","tickets":{"len":0}}}},"data":{"edges":{"len":3,"head":{"next":{"next":{"data":{"weight":30,"connection":{"edges":{"len":2,"head":{"next":{"data":{"weight":11,"connection":{"edges":{"len":1,"head":{"data":{"weight":5,"connection":{"edges":{"len":0},"data":{"name":"hojancha","tickets":{"len":0}}}}}},"data":{"name":"tilaran","tickets":{"len":0}}}}},"data":{"weight":6,"connection":{"edges":{"len":0},"data":{"name":"hojancha","tickets":{"len":0}}}}}},"data":{"name":"heredia","tickets":{"len":0}}}}},"data":{"weight":7,"connection":{"edges":{"len":2,"head":{"next":{"data":{"weight":50,"connection":{"edges":{"len":1,"head":{"data":{"weight":180,"connection":{"edges":{"len":0},"data":{"name":"hojancha","tickets":{"len":0}}}}}},"data":{"name":"turrialba","tickets":{"len":0}}}}},"data":{"weight":38,"connection":{"edges":{"len":2,"head":{"next":{"data":{"weight":11,"connection":{"edges":{"len":1,"head":{"data":{"weight":5,"connection":{"edges":{"len":0},"data":{"name":"hojancha","tickets":{"len":0}}}}}},"data":{"name":"tilaran","tickets":{"len":0}}}}},"data":{"weight":6,"connection":{"edges":{"len":0},"data":{"name":"hojancha","tickets":{"len":0}}}}}},"data":{"name":"heredia","tickets":{"len":0}}}}}},"data":{"name":"paraiso","tickets":{"len":0}}}}},"data":{"weight":22,"connection":{"edges":{"len":2,"head":{"next":{"data":{"weight":9,"connection":{"edges":{"len":2,"head":{"next":{"data":{"weight":11,"connection":{"edges":{"len":1,"head":{"data":{"weight":5,"connection":{"edges":{"len":0},"data":{"name":"hojancha","tickets":{"len":0}}}}}},"data":{"name":"tilaran","tickets":{"len":0}}}}},"data":{"weight":6,"connection":{"edges":{"len":0},"data":{"name":"hojancha","tickets":{"len":0}}}}}},"data":{"name":"heredia","tickets":{"len":0}}}}},"data":{"weight":15,"connection":{"edges":{"len":1,"head":{"data":{"weight":5,"connection":{"edges":{"len":0},"data":{"name":"hojancha","tickets":{"len":0}}}}}},"data":{"name":"tilaran","tickets":{"len":0}}}}}},"data":{"name":"san_jose","tickets":{"len":0}}}}}},"data":{"name":"Cartago","tickets":{"len":0}}}}}}
Aug 15, 2020 3:16:08 AM util.tools.JsonWriter updateGraph
INFO: Graph stored in memory
Aug 15, 2020 3:16:08 AM util.tools.JsonWriter updateGraph
INFO: {"elements":{"len":9,"head":{"next":{"next":{"next":{"next":{"next":{"next":{"next":{"next":{"data":{"edges":{"len":0},"data":{"name":"Estacion B","tickets":{"len":0}}}},"data":{"edges":{"len":0},"data":{"name":"Estacion A","tickets":{"len":0}}}},"data":{"edges":{"len":2,"head":{"next":{"data":{"weight":50,"connection":{"edges":{"len":1,"head":{"data":{"weight":180,"connection":{"edges":{"len":0},"data":{"name":"hojancha","tickets":{"len":0}}}}}},"data":{"name":"turrialba","tickets":{"len":0}}}}},"data":{"weight":38,"connection":{"edges":{"len":2,"head":{"next":{"data":{"weight":11,"connection":{"edges":{"len":1,"head":{"data":{"weight":5,"connection":{"edges":{"len":0},"data":{"name":"hojancha","tickets":{"len":0}}}}}},"data":{"name":"tilaran","tickets":{"len":0}}}}},"data":{"weight":6,"connection":{"edges":{"len":0},"data":{"name":"hojancha","tickets":{"len":0}}}}}},"data":{"name":"heredia","tickets":{"len":0}}}}}},"data":{"name":"paraiso","tickets":{"len":0}}}},"data":{"edges":{"len":0},"data":{"name":"hojancha","tickets":{"len":0}}}},"data":{"edges":{"len":1,"head":{"data":{"weight":5,"connection":{"edges":{"len":0},"data":{"name":"hojancha","tickets":{"len":0}}}}}},"data":{"name":"tilaran","tickets":{"len":0}}}},"data":{"edges":{"len":2,"head":{"next":{"data":{"weight":11,"connection":{"edges":{"len":1,"head":{"data":{"weight":5,"connection":{"edges":{"len":0},"data":{"name":"hojancha","tickets":{"len":0}}}}}},"data":{"name":"tilaran","tickets":{"len":0}}}}},"data":{"weight":6,"connection":{"edges":{"len":0},"data":{"name":"hojancha","tickets":{"len":0}}}}}},"data":{"name":"heredia","tickets":{"len":0}}}},"data":{"edges":{"len":2,"head":{"next":{"data":{"weight":9,"connection":{"edges":{"len":2,"head":{"next":{"data":{"weight":11,"connection":{"edges":{"len":1,"head":{"data":{"weight":5,"connection":{"edges":{"len":0},"data":{"name":"hojancha","tickets":{"len":0}}}}}},"data":{"name":"tilaran","tickets":{"len":0}}}}},"data":{"weight":6,"connection":{"edges":{"len":0},"data":{"name":"hojancha","tickets":{"len":0}}}}}},"data":{"name":"heredia","tickets":{"len":0}}}}},"data":{"weight":15,"connection":{"edges":{"len":1,"head":{"data":{"weight":5,"connection":{"edges":{"len":0},"data":{"name":"hojancha","tickets":{"len":0}}}}}},"data":{"name":"tilaran","tickets":{"len":0}}}}}},"data":{"name":"san_jose","tickets":{"len":0}}}},"data":{"edges":{"len":1,"head":{"data":{"weight":180,"connection":{"edges":{"len":0},"data":{"name":"hojancha","tickets":{"len":0}}}}}},"data":{"name":"turrialba","tickets":{"len":0}}}},"data":{"edges":{"len":3,"head":{"next":{"next":{"data":{"weight":30,"connection":{"edges":{"len":2,"head":{"next":{"data":{"weight":11,"connection":{"edges":{"len":1,"head":{"data":{"weight":5,"connection":{"edges":{"len":0},"data":{"name":"hojancha","tickets":{"len":0}}}}}},"data":{"name":"tilaran","tickets":{"len":0}}}}},"data":{"weight":6,"connection":{"edges":{"len":0},"data":{"name":"hojancha","tickets":{"len":0}}}}}},"data":{"name":"heredia","tickets":{"len":0}}}}},"data":{"weight":7,"connection":{"edges":{"len":2,"head":{"next":{"data":{"weight":50,"connection":{"edges":{"len":1,"head":{"data":{"weight":180,"connection":{"edges":{"len":0},"data":{"name":"hojancha","tickets":{"len":0}}}}}},"data":{"name":"turrialba","tickets":{"len":0}}}}},"data":{"weight":38,"connection":{"edges":{"len":2,"head":{"next":{"data":{"weight":11,"connection":{"edges":{"len":1,"head":{"data":{"weight":5,"connection":{"edges":{"len":0},"data":{"name":"hojancha","tickets":{"len":0}}}}}},"data":{"name":"tilaran","tickets":{"len":0}}}}},"data":{"weight":6,"connection":{"edges":{"len":0},"data":{"name":"hojancha","tickets":{"len":0}}}}}},"data":{"name":"heredia","tickets":{"len":0}}}}}},"data":{"name":"paraiso","tickets":{"len":0}}}}},"data":{"weight":22,"connection":{"edges":{"len":2,"head":{"next":{"data":{"weight":9,"connection":{"edges":{"len":2,"head":{"next":{"data":{"weight":11,"connection":{"edges":{"len":1,"head":{"data":{"weight":5,"connection":{"edges":{"len":0},"data":{"name":"hojancha","tickets":{"len":0}}}}}},"data":{"name":"tilaran","tickets":{"len":0}}}}},"data":{"weight":6,"connection":{"edges":{"len":0},"data":{"name":"hojancha","tickets":{"len":0}}}}}},"data":{"name":"heredia","tickets":{"len":0}}}}},"data":{"weight":15,"connection":{"edges":{"len":1,"head":{"data":{"weight":5,"connection":{"edges":{"len":0},"data":{"name":"hojancha","tickets":{"len":0}}}}}},"data":{"name":"tilaran","tickets":{"len":0}}}}}},"data":{"name":"san_jose","tickets":{"len":0}}}}}},"data":{"name":"Cartago","tickets":{"len":0}}}}}}
Aug 15, 2020 3:16:08 AM util.tools.JsonWriter updateGraph
INFO: Graph stored in memory
Aug 15, 2020 3:16:08 AM util.tools.JsonWriter updateGraph
INFO: {"elements":{"len":9,"head":{"next":{"next":{"next":{"next":{"next":{"next":{"next":{"next":{"data":{"edges":{"len":0},"data":{"name":"Estacion B","tickets":{"len":0}}}},"data":{"edges":{"len":1,"head":{"data":{"weight":30,"connection":{"edges":{"len":0},"data":{"name":"Estacion B","tickets":{"len":0}}}}}},"data":{"name":"Estacion A","tickets":{"len":0}}}},"data":{"edges":{"len":2,"head":{"next":{"data":{"weight":50,"connection":{"edges":{"len":1,"head":{"data":{"weight":180,"connection":{"edges":{"len":0},"data":{"name":"hojancha","tickets":{"len":0}}}}}},"data":{"name":"turrialba","tickets":{"len":0}}}}},"data":{"weight":38,"connection":{"edges":{"len":2,"head":{"next":{"data":{"weight":11,"connection":{"edges":{"len":1,"head":{"data":{"weight":5,"connection":{"edges":{"len":0},"data":{"name":"hojancha","tickets":{"len":0}}}}}},"data":{"name":"tilaran","tickets":{"len":0}}}}},"data":{"weight":6,"connection":{"edges":{"len":0},"data":{"name":"hojancha","tickets":{"len":0}}}}}},"data":{"name":"heredia","tickets":{"len":0}}}}}},"data":{"name":"paraiso","tickets":{"len":0}}}},"data":{"edges":{"len":0},"data":{"name":"hojancha","tickets":{"len":0}}}},"data":{"edges":{"len":1,"head":{"data":{"weight":5,"connection":{"edges":{"len":0},"data":{"name":"hojancha","tickets":{"len":0}}}}}},"data":{"name":"tilaran","tickets":{"len":0}}}},"data":{"edges":{"len":2,"head":{"next":{"data":{"weight":11,"connection":{"edges":{"len":1,"head":{"data":{"weight":5,"connection":{"edges":{"len":0},"data":{"name":"hojancha","tickets":{"len":0}}}}}},"data":{"name":"tilaran","tickets":{"len":0}}}}},"data":{"weight":6,"connection":{"edges":{"len":0},"data":{"name":"hojancha","tickets":{"len":0}}}}}},"data":{"name":"heredia","tickets":{"len":0}}}},"data":{"edges":{"len":2,"head":{"next":{"data":{"weight":9,"connection":{"edges":{"len":2,"head":{"next":{"data":{"weight":11,"connection":{"edges":{"len":1,"head":{"data":{"weight":5,"connection":{"edges":{"len":0},"data":{"name":"hojancha","tickets":{"len":0}}}}}},"data":{"name":"tilaran","tickets":{"len":0}}}}},"data":{"weight":6,"connection":{"edges":{"len":0},"data":{"name":"hojancha","tickets":{"len":0}}}}}},"data":{"name":"heredia","tickets":{"len":0}}}}},"data":{"weight":15,"connection":{"edges":{"len":1,"head":{"data":{"weight":5,"connection":{"edges":{"len":0},"data":{"name":"hojancha","tickets":{"len":0}}}}}},"data":{"name":"tilaran","tickets":{"len":0}}}}}},"data":{"name":"san_jose","tickets":{"len":0}}}},"data":{"edges":{"len":1,"head":{"data":{"weight":180,"connection":{"edges":{"len":0},"data":{"name":"hojancha","tickets":{"len":0}}}}}},"data":{"name":"turrialba","tickets":{"len":0}}}},"data":{"edges":{"len":3,"head":{"next":{"next":{"data":{"weight":30,"connection":{"edges":{"len":2,"head":{"next":{"data":{"weight":11,"connection":{"edges":{"len":1,"head":{"data":{"weight":5,"connection":{"edges":{"len":0},"data":{"name":"hojancha","tickets":{"len":0}}}}}},"data":{"name":"tilaran","tickets":{"len":0}}}}},"data":{"weight":6,"connection":{"edges":{"len":0},"data":{"name":"hojancha","tickets":{"len":0}}}}}},"data":{"name":"heredia","tickets":{"len":0}}}}},"data":{"weight":7,"connection":{"edges":{"len":2,"head":{"next":{"data":{"weight":50,"connection":{"edges":{"len":1,"head":{"data":{"weight":180,"connection":{"edges":{"len":0},"data":{"name":"hojancha","tickets":{"len":0}}}}}},"data":{"name":"turrialba","tickets":{"len":0}}}}},"data":{"weight":38,"connection":{"edges":{"len":2,"head":{"next":{"data":{"weight":11,"connection":{"edges":{"len":1,"head":{"data":{"weight":5,"connection":{"edges":{"len":0},"data":{"name":"hojancha","tickets":{"len":0}}}}}},"data":{"name":"tilaran","tickets":{"len":0}}}}},"data":{"weight":6,"connection":{"edges":{"len":0},"data":{"name":"hojancha","tickets":{"len":0}}}}}},"data":{"name":"heredia","tickets":{"len":0}}}}}},"data":{"name":"paraiso","tickets":{"len":0}}}}},"data":{"weight":22,"connection":{"edges":{"len":2,"head":{"next":{"data":{"weight":9,"connection":{"edges":{"len":2,"head":{"next":{"data":{"weight":11,"connection":{"edges":{"len":1,"head":{"data":{"weight":5,"connection":{"edges":{"len":0},"data":{"name":"hojancha","tickets":{"len":0}}}}}},"data":{"name":"tilaran","tickets":{"len":0}}}}},"data":{"weight":6,"connection":{"edges":{"len":0},"data":{"name":"hojancha","tickets":{"len":0}}}}}},"data":{"name":"heredia","tickets":{"len":0}}}}},"data":{"weight":15,"connection":{"edges":{"len":1,"head":{"data":{"weight":5,"connection":{"edges":{"len":0},"data":{"name":"hojancha","tickets":{"len":0}}}}}},"data":{"name":"tilaran","tickets":{"len":0}}}}}},"data":{"name":"san_jose","tickets":{"len":0}}}}}},"data":{"name":"Cartago","tickets":{"len":0}}}}}}
Aug 15, 2020 3:16:08 AM util.tools.JsonWriter updateGraph
INFO: Graph stored in memory
Aug 15, 2020 3:16:08 AM util.tools.JsonWriter updateGraph
INFO: {"elements":{"len":9,"head":{"next":{"next":{"next":{"next":{"next":{"next":{"next":{"next":{"data":{"edges":{"len":0},"data":{"name":"Estacion B","tickets":{"len":0}}}},"data":{"edges":{"len":1,"head":{"data":{"weight":30,"connection":{"edges":{"len":0},"data":{"name":"Estacion B","tickets":{"len":0}}}}}},"data":{"name":"Estacion A","tickets":{"len":0}}}},"data":{"edges":{"len":2,"head":{"next":{"data":{"weight":50,"connection":{"edges":{"len":1,"head":{"data":{"weight":180,"connection":{"edges":{"len":0},"data":{"name":"hojancha","tickets":{"len":0}}}}}},"data":{"name":"turrialba","tickets":{"len":0}}}}},"data":{"weight":38,"connection":{"edges":{"len":2,"head":{"next":{"data":{"weight":11,"connection":{"edges":{"len":1,"head":{"data":{"weight":5,"connection":{"edges":{"len":0},"data":{"name":"hojancha","tickets":{"len":0}}}}}},"data":{"name":"tilaran","tickets":{"len":0}}}}},"data":{"weight":6,"connection":{"edges":{"len":0},"data":{"name":"hojancha","tickets":{"len":0}}}}}},"data":{"name":"heredia","tickets":{"len":0}}}}}},"data":{"name":"paraiso","tickets":{"len":0}}}},"data":{"edges":{"len":0},"data":{"name":"hojancha","tickets":{"len":0}}}},"data":{"edges":{"len":1,"head":{"data":{"weight":5,"connection":{"edges":{"len":0},"data":{"name":"hojancha","tickets":{"len":0}}}}}},"data":{"name":"tilaran","tickets":{"len":0}}}},"data":{"edges":{"len":2,"head":{"next":{"data":{"weight":11,"connection":{"edges":{"len":1,"head":{"data":{"weight":5,"connection":{"edges":{"len":0},"data":{"name":"hojancha","tickets":{"len":0}}}}}},"data":{"name":"tilaran","tickets":{"len":0}}}}},"data":{"weight":6,"connection":{"edges":{"len":0},"data":{"name":"hojancha","tickets":{"len":0}}}}}},"data":{"name":"heredia","tickets":{"len":0}}}},"data":{"edges":{"len":2,"head":{"next":{"data":{"weight":9,"connection":{"edges":{"len":2,"head":{"next":{"data":{"weight":11,"connection":{"edges":{"len":1,"head":{"data":{"weight":5,"connection":{"edges":{"len":0},"data":{"name":"hojancha","tickets":{"len":0}}}}}},"data":{"name":"tilaran","tickets":{"len":0}}}}},"data":{"weight":6,"connection":{"edges":{"len":0},"data":{"name":"hojancha","tickets":{"len":0}}}}}},"data":{"name":"heredia","tickets":{"len":0}}}}},"data":{"weight":15,"connection":{"edges":{"len":1,"head":{"data":{"weight":5,"connection":{"edges":{"len":0},"data":{"name":"hojancha","tickets":{"len":0}}}}}},"data":{"name":"tilaran","tickets":{"len":0}}}}}},"data":{"name":"san_jose","tickets":{"len":0}}}},"data":{"edges":{"len":1,"head":{"data":{"weight":180,"connection":{"edges":{"len":0},"data":{"name":"hojancha","tickets":{"len":0}}}}}},"data":{"name":"turrialba","tickets":{"len":0}}}},"data":{"edges":{"len":3,"head":{"next":{"next":{"data":{"weight":30,"connection":{"edges":{"len":2,"head":{"next":{"data":{"weight":11,"connection":{"edges":{"len":1,"head":{"data":{"weight":5,"connection":{"edges":{"len":0},"data":{"name":"hojancha","tickets":{"len":0}}}}}},"data":{"name":"tilaran","tickets":{"len":0}}}}},"data":{"weight":6,"connection":{"edges":{"len":0},"data":{"name":"hojancha","tickets":{"len":0}}}}}},"data":{"name":"heredia","tickets":{"len":0}}}}},"data":{"weight":7,"connection":{"edges":{"len":2,"head":{"next":{"data":{"weight":50,"connection":{"edges":{"len":1,"head":{"data":{"weight":180,"connection":{"edges":{"len":0},"data":{"name":"hojancha","tickets":{"len":0}}}}}},"data":{"name":"turrialba","tickets":{"len":0}}}}},"data":{"weight":38,"connection":{"edges":{"len":2,"head":{"next":{"data":{"weight":11,"connection":{"edges":{"len":1,"head":{"data":{"weight":5,"connection":{"edges":{"len":0},"data":{"name":"hojancha","tickets":{"len":0}}}}}},"data":{"name":"tilaran","tickets":{"len":0}}}}},"data":{"weight":6,"connection":{"edges":{"len":0},"data":{"name":"hojancha","tickets":{"len":0}}}}}},"data":{"name":"heredia","tickets":{"len":0}}}}}},"data":{"name":"paraiso","tickets":{"len":0}}}}},"data":{"weight":22,"connection":{"edges":{"len":2,"head":{"next":{"data":{"weight":9,"connection":{"edges":{"len":2,"head":{"next":{"data":{"weight":11,"connection":{"edges":{"len":1,"head":{"data":{"weight":5,"connection":{"edges":{"len":0},"data":{"name":"hojancha","tickets":{"len":0}}}}}},"data":{"name":"tilaran","tickets":{"len":0}}}}},"data":{"weight":6,"connection":{"edges":{"len":0},"data":{"name":"hojancha","tickets":{"len":0}}}}}},"data":{"name":"heredia","tickets":{"len":0}}}}},"data":{"weight":15,"connection":{"edges":{"len":1,"head":{"data":{"weight":5,"connection":{"edges":{"len":0},"data":{"name":"hojancha","tickets":{"len":0}}}}}},"data":{"name":"tilaran","tickets":{"len":0}}}}}},"data":{"name":"san_jose","tickets":{"len":0}}}}}},"data":{"name":"Cartago","tickets":{"len":0}}}}}}
Aug 15, 2020 3:16:08 AM util.tools.JsonWriter updateGraph
INFO: Graph stored in memory
]]></system-err>
</testsuite>
